producer_class	xtools.gsea.Gsea
producer_timestamp	1639540890935
param	zip_report	false
param	num	100
param	scoring_scheme	weighted
param	norm	meandiv
param	out	C:\Users\AreJay\Desktop\TCGA\MERGE\MALAT1
param	mode	Max_probe
param	include_only_symbols	true
param	set_max	500
param	gmx	ftp.broadinstitute.org://pub/gsea/gene_sets/c2.cp.kegg.v7.4.symbols.gmt
param	plot_top_x	30
param	nperm	1000
param	order	descending
param	rpt_label	MALAT1
param	rnd_seed	timestamp
param	set_min	15
param	res	C:\Users\AreJay\Desktop\TCGA\MERGE\MALAT1\VCAN.gct
param	create_svgs	false
param	cls	C:\Users\AreJay\Desktop\TCGA\MERGE\MALAT1\VCAN.cls#h_versus_l
param	sort	real
param	create_gcts	false
param	help	false
param	save_rnd_lists	false
param	median	false
param	metric	Signal2Noise
param	make_sets	true
param	rnd_type	no_balance
param	gui	false
param	permute	phenotype
param	collapse	No_Collapse

file	C:\Users\AreJay\Desktop\TCGA\MERGE\MALAT1\MALAT1.Gsea.1639540890935\index.html
